<?xml version="1.0" encoding="UTF-8"?>
<testsuite xmlns:xsi="http://www.w3.org/2001/XMLSchema-instance" xsi:noNamespaceSchemaLocation="https://maven.apache.org/surefire/maven-surefire-plugin/xsd/surefire-test-report-3.0.xsd" version="3.0" name="fr.umlv.javainside.MethodHandleTests" time="0.046" tests="16" errors="0" skipped="0" failures="0">
  <properties>
    <property name="java.specification.version" value="15"/>
    <property name="sun.jnu.encoding" value="UTF-8"/>
    <property name="java.class.path" value="/home/6ifo2/acossine/git/java-inside/lab3/target/test-classes:/home/6ifo2/acossine/git/java-inside/lab3/target/classes:/home/6ifo2/acossine/.m2/repository/org/junit/jupiter/junit-jupiter-api/5.7.0/junit-jupiter-api-5.7.0.jar:/home/6ifo2/acossine/.m2/repository/org/apiguardian/apiguardian-api/1.1.0/apiguardian-api-1.1.0.jar:/home/6ifo2/acossine/.m2/repository/org/opentest4j/opentest4j/1.2.0/opentest4j-1.2.0.jar:/home/6ifo2/acossine/.m2/repository/org/junit/platform/junit-platform-commons/1.7.0/junit-platform-commons-1.7.0.jar:/home/6ifo2/acossine/.m2/repository/org/junit/jupiter/junit-jupiter-engine/5.7.0/junit-jupiter-engine-5.7.0.jar:/home/6ifo2/acossine/.m2/repository/org/junit/platform/junit-platform-engine/1.7.0/junit-platform-engine-1.7.0.jar:"/>
    <property name="java.vm.vendor" value="Oracle Corporation"/>
    <property name="sun.arch.data.model" value="64"/>
    <property name="java.vendor.url" value="https://java.oracle.com/"/>
    <property name="os.name" value="Linux"/>
    <property name="java.vm.specification.version" value="15"/>
    <property name="sun.java.launcher" value="SUN_STANDARD"/>
    <property name="user.country" value="FR"/>
    <property name="sun.boot.library.path" value="/usr/local/apps/alternatives/java/jdk-15/lib"/>
    <property name="sun.java.command" value="/home/6ifo2/acossine/git/java-inside/lab3/target/surefire/surefirebooter4333298277018655449.jar /home/6ifo2/acossine/git/java-inside/lab3/target/surefire 2020-10-13T11-34-29_394-jvmRun1 surefire4442468364594064166tmp surefire_210877411167572811352tmp"/>
    <property name="jdk.debug" value="release"/>
    <property name="surefire.test.class.path" value="/home/6ifo2/acossine/git/java-inside/lab3/target/test-classes:/home/6ifo2/acossine/git/java-inside/lab3/target/classes:/home/6ifo2/acossine/.m2/repository/org/junit/jupiter/junit-jupiter-api/5.7.0/junit-jupiter-api-5.7.0.jar:/home/6ifo2/acossine/.m2/repository/org/apiguardian/apiguardian-api/1.1.0/apiguardian-api-1.1.0.jar:/home/6ifo2/acossine/.m2/repository/org/opentest4j/opentest4j/1.2.0/opentest4j-1.2.0.jar:/home/6ifo2/acossine/.m2/repository/org/junit/platform/junit-platform-commons/1.7.0/junit-platform-commons-1.7.0.jar:/home/6ifo2/acossine/.m2/repository/org/junit/jupiter/junit-jupiter-engine/5.7.0/junit-jupiter-engine-5.7.0.jar:/home/6ifo2/acossine/.m2/repository/org/junit/platform/junit-platform-engine/1.7.0/junit-platform-engine-1.7.0.jar:"/>
    <property name="sun.cpu.endian" value="little"/>
    <property name="user.home" value="/home/6ifo2/acossine"/>
    <property name="user.language" value="fr"/>
    <property name="java.specification.vendor" value="Oracle Corporation"/>
    <property name="java.version.date" value="2020-09-15"/>
    <property name="java.home" value="/usr/local/apps/alternatives/java/jdk-15"/>
    <property name="file.separator" value="/"/>
    <property name="basedir" value="/home/6ifo2/acossine/git/java-inside/lab3"/>
    <property name="java.vm.compressedOopsMode" value="Zero based"/>
    <property name="line.separator" value="&#10;"/>
    <property name="java.vm.specification.vendor" value="Oracle Corporation"/>
    <property name="java.specification.name" value="Java Platform API Specification"/>
    <property name="surefire.real.class.path" value="/home/6ifo2/acossine/git/java-inside/lab3/target/surefire/surefirebooter4333298277018655449.jar"/>
    <property name="sun.management.compiler" value="HotSpot 64-Bit Tiered Compilers"/>
    <property name="java.runtime.version" value="15+36-1562"/>
    <property name="user.name" value="acossine"/>
    <property name="path.separator" value=":"/>
    <property name="os.version" value="4.19.0-9-amd64"/>
    <property name="java.runtime.name" value="OpenJDK Runtime Environment"/>
    <property name="file.encoding" value="UTF-8"/>
    <property name="java.vm.name" value="OpenJDK 64-Bit Server VM"/>
    <property name="localRepository" value="/home/6ifo2/acossine/.m2/repository"/>
    <property name="java.vendor.url.bug" value="https://bugreport.java.com/bugreport/"/>
    <property name="java.io.tmpdir" value="/tmp"/>
    <property name="java.version" value="15"/>
    <property name="user.dir" value="/home/6ifo2/acossine/git/java-inside/lab3"/>
    <property name="os.arch" value="amd64"/>
    <property name="java.vm.specification.name" value="Java Virtual Machine Specification"/>
    <property name="java.library.path" value="/usr/java/packages/lib:/usr/lib64:/lib64:/lib:/usr/lib"/>
    <property name="java.vm.info" value="mixed mode, sharing"/>
    <property name="java.vendor" value="Oracle Corporation"/>
    <property name="java.vm.version" value="15+36-1562"/>
    <property name="sun.io.unicode.encoding" value="UnicodeLittle"/>
    <property name="java.class.version" value="59.0"/>
  </properties>
  <testcase name="asTypeAndInvokeExactStaticTest" classname="fr.umlv.javainside.MethodHandleTests" time="0.015"/>
  <testcase name="insertAndInvokeStaticTest" classname="fr.umlv.javainside.MethodHandleTests" time="0.002"/>
  <testcase name="findStaticTest" classname="fr.umlv.javainside.MethodHandleTests" time="0.001"/>
  <testcase name="dropAndInvokeStaticTest" classname="fr.umlv.javainside.MethodHandleTests" time="0.001"/>
  <testcase name="invokeExactStaticTest" classname="fr.umlv.javainside.MethodHandleTests" time="0.001"/>
  <testcase name="invokeExactVirtualTest" classname="fr.umlv.javainside.MethodHandleTests" time="0"/>
  <testcase name="bindToAndInvokeVirtualTest" classname="fr.umlv.javainside.MethodHandleTests" time="0.001"/>
  <testcase name="invokeExactConstantTest" classname="fr.umlv.javainside.MethodHandleTests" time="0.001"/>
  <testcase name="invokeStaticTest" classname="fr.umlv.javainside.MethodHandleTests" time="0.001"/>
  <testcase name="findVirtualTest" classname="fr.umlv.javainside.MethodHandleTests" time="0.001"/>
  <testcase name="matchAllTest" classname="fr.umlv.javainside.MethodHandleTests" time="0.004"/>
  <testcase name="matchTest" classname="fr.umlv.javainside.MethodHandleTests" time="0.001"/>
  <testcase name="invokeVirtualTest" classname="fr.umlv.javainside.MethodHandleTests" time="0.001"/>
  <testcase name="invokeExactVirtualWrongArgumentTest" classname="fr.umlv.javainside.MethodHandleTests" time="0.001"/>
  <testcase name="dropAndInvokeVirtualTest" classname="fr.umlv.javainside.MethodHandleTests" time="0"/>
  <testcase name="invokeExactStaticWrongArgumentTest" classname="fr.umlv.javainside.MethodHandleTests" time="0"/>
</testsuite>